10:12:45 :
SHOW FULL TABLES WHERE Table_type = 'BASE TABLE'


10:12:45 :
SELECT COLUMN_NAME AS Field, COLUMN_TYPE AS Type, IS_NULLABLE AS `Null`, COLUMN_KEY AS `Key`, COLUMN_DEFAULT AS `Default`, EXTRA AS Extra, COLUMN_COMMENT AS Comment, CHARACTER_SET_NAME AS CharacterSet, COLLATION_NAME AS Collation FROM information_schema.COLUMNS WHERE TABLE_SCHEMA = 'community_management' AND TABLE_NAME = 'attendees'


10:12:45 :
SELECT DISTINCT k.`CONSTRAINT_NAME`, k.`COLUMN_NAME`, k.`REFERENCED_TABLE_NAME`, k.`REFERENCED_COLUMN_NAME` /*!50116 , c.update_rule, c.delete_rule */ FROM information_schema.key_column_usage k /*!50116 INNER JOIN information_schema.referential_constraints c ON   c.constraint_name = k.constraint_name AND   c.table_name = 'attendees' */ WHERE k.table_name = 'attendees' AND k.table_schema = 'community_management' /*!50116 AND c.constraint_schema = 'community_management' */ AND k.`REFERENCED_COLUMN_NAME` is not NULL


10:12:45 :
SELECT TABLE_NAME AS `Table`, NON_UNIQUE AS Non_Unique, INDEX_NAME AS Key_name, SEQ_IN_INDEX AS Seq_in_index, COLUMN_NAME AS Column_Name, COLLATION AS Collation, CARDINALITY AS Cardinality, SUB_PART AS Sub_Part, PACKED AS Packed, NULLABLE AS `Null`, INDEX_TYPE AS Index_Type, COMMENT AS Comment FROM information_schema.STATISTICS WHERE TABLE_NAME = 'attendees' AND TABLE_SCHEMA = 'community_management'


10:12:45 :
SELECT COLUMN_NAME AS Field, COLUMN_TYPE AS Type, IS_NULLABLE AS `Null`, COLUMN_KEY AS `Key`, COLUMN_DEFAULT AS `Default`, EXTRA AS Extra, COLUMN_COMMENT AS Comment, CHARACTER_SET_NAME AS CharacterSet, COLLATION_NAME AS Collation FROM information_schema.COLUMNS WHERE TABLE_SCHEMA = 'community_management' AND TABLE_NAME = 'attendees__meetings'


10:12:45 :
SELECT DISTINCT k.`CONSTRAINT_NAME`, k.`COLUMN_NAME`, k.`REFERENCED_TABLE_NAME`, k.`REFERENCED_COLUMN_NAME` /*!50116 , c.update_rule, c.delete_rule */ FROM information_schema.key_column_usage k /*!50116 INNER JOIN information_schema.referential_constraints c ON   c.constraint_name = k.constraint_name AND   c.table_name = 'attendees__meetings' */ WHERE k.table_name = 'attendees__meetings' AND k.table_schema = 'community_management' /*!50116 AND c.constraint_schema = 'community_management' */ AND k.`REFERENCED_COLUMN_NAME` is not NULL


10:12:45 :
SELECT TABLE_NAME AS `Table`, NON_UNIQUE AS Non_Unique, INDEX_NAME AS Key_name, SEQ_IN_INDEX AS Seq_in_index, COLUMN_NAME AS Column_Name, COLLATION AS Collation, CARDINALITY AS Cardinality, SUB_PART AS Sub_Part, PACKED AS Packed, NULLABLE AS `Null`, INDEX_TYPE AS Index_Type, COMMENT AS Comment FROM information_schema.STATISTICS WHERE TABLE_NAME = 'attendees__meetings' AND TABLE_SCHEMA = 'community_management'


10:12:45 :
SELECT COLUMN_NAME AS Field, COLUMN_TYPE AS Type, IS_NULLABLE AS `Null`, COLUMN_KEY AS `Key`, COLUMN_DEFAULT AS `Default`, EXTRA AS Extra, COLUMN_COMMENT AS Comment, CHARACTER_SET_NAME AS CharacterSet, COLLATION_NAME AS Collation FROM information_schema.COLUMNS WHERE TABLE_SCHEMA = 'community_management' AND TABLE_NAME = 'meetings'


10:12:45 :
SELECT DISTINCT k.`CONSTRAINT_NAME`, k.`COLUMN_NAME`, k.`REFERENCED_TABLE_NAME`, k.`REFERENCED_COLUMN_NAME` /*!50116 , c.update_rule, c.delete_rule */ FROM information_schema.key_column_usage k /*!50116 INNER JOIN information_schema.referential_constraints c ON   c.constraint_name = k.constraint_name AND   c.table_name = 'meetings' */ WHERE k.table_name = 'meetings' AND k.table_schema = 'community_management' /*!50116 AND c.constraint_schema = 'community_management' */ AND k.`REFERENCED_COLUMN_NAME` is not NULL


10:12:45 :
SELECT TABLE_NAME AS `Table`, NON_UNIQUE AS Non_Unique, INDEX_NAME AS Key_name, SEQ_IN_INDEX AS Seq_in_index, COLUMN_NAME AS Column_Name, COLLATION AS Collation, CARDINALITY AS Cardinality, SUB_PART AS Sub_Part, PACKED AS Packed, NULLABLE AS `Null`, INDEX_TYPE AS Index_Type, COMMENT AS Comment FROM information_schema.STATISTICS WHERE TABLE_NAME = 'meetings' AND TABLE_SCHEMA = 'community_management'


10:12:45 :
SELECT COLUMN_NAME AS Field, COLUMN_TYPE AS Type, IS_NULLABLE AS `Null`, COLUMN_KEY AS `Key`, COLUMN_DEFAULT AS `Default`, EXTRA AS Extra, COLUMN_COMMENT AS Comment, CHARACTER_SET_NAME AS CharacterSet, COLLATION_NAME AS Collation FROM information_schema.COLUMNS WHERE TABLE_SCHEMA = 'community_management' AND TABLE_NAME = 'organizers'


10:12:45 :
SELECT DISTINCT k.`CONSTRAINT_NAME`, k.`COLUMN_NAME`, k.`REFERENCED_TABLE_NAME`, k.`REFERENCED_COLUMN_NAME` /*!50116 , c.update_rule, c.delete_rule */ FROM information_schema.key_column_usage k /*!50116 INNER JOIN information_schema.referential_constraints c ON   c.constraint_name = k.constraint_name AND   c.table_name = 'organizers' */ WHERE k.table_name = 'organizers' AND k.table_schema = 'community_management' /*!50116 AND c.constraint_schema = 'community_management' */ AND k.`REFERENCED_COLUMN_NAME` is not NULL


10:12:45 :
SELECT TABLE_NAME AS `Table`, NON_UNIQUE AS Non_Unique, INDEX_NAME AS Key_name, SEQ_IN_INDEX AS Seq_in_index, COLUMN_NAME AS Column_Name, COLLATION AS Collation, CARDINALITY AS Cardinality, SUB_PART AS Sub_Part, PACKED AS Packed, NULLABLE AS `Null`, INDEX_TYPE AS Index_Type, COMMENT AS Comment FROM information_schema.STATISTICS WHERE TABLE_NAME = 'organizers' AND TABLE_SCHEMA = 'community_management'


10:12:45 :
SELECT COLUMN_NAME AS Field, COLUMN_TYPE AS Type, IS_NULLABLE AS `Null`, COLUMN_KEY AS `Key`, COLUMN_DEFAULT AS `Default`, EXTRA AS Extra, COLUMN_COMMENT AS Comment, CHARACTER_SET_NAME AS CharacterSet, COLLATION_NAME AS Collation FROM information_schema.COLUMNS WHERE TABLE_SCHEMA = 'community_management' AND TABLE_NAME = 'organizers__meetings'


10:12:45 :
SELECT DISTINCT k.`CONSTRAINT_NAME`, k.`COLUMN_NAME`, k.`REFERENCED_TABLE_NAME`, k.`REFERENCED_COLUMN_NAME` /*!50116 , c.update_rule, c.delete_rule */ FROM information_schema.key_column_usage k /*!50116 INNER JOIN information_schema.referential_constraints c ON   c.constraint_name = k.constraint_name AND   c.table_name = 'organizers__meetings' */ WHERE k.table_name = 'organizers__meetings' AND k.table_schema = 'community_management' /*!50116 AND c.constraint_schema = 'community_management' */ AND k.`REFERENCED_COLUMN_NAME` is not NULL


10:12:45 :
SELECT TABLE_NAME AS `Table`, NON_UNIQUE AS Non_Unique, INDEX_NAME AS Key_name, SEQ_IN_INDEX AS Seq_in_index, COLUMN_NAME AS Column_Name, COLLATION AS Collation, CARDINALITY AS Cardinality, SUB_PART AS Sub_Part, PACKED AS Packed, NULLABLE AS `Null`, INDEX_TYPE AS Index_Type, COMMENT AS Comment FROM information_schema.STATISTICS WHERE TABLE_NAME = 'organizers__meetings' AND TABLE_SCHEMA = 'community_management'


10:12:45 :
SELECT COLUMN_NAME AS Field, COLUMN_TYPE AS Type, IS_NULLABLE AS `Null`, COLUMN_KEY AS `Key`, COLUMN_DEFAULT AS `Default`, EXTRA AS Extra, COLUMN_COMMENT AS Comment, CHARACTER_SET_NAME AS CharacterSet, COLLATION_NAME AS Collation FROM information_schema.COLUMNS WHERE TABLE_SCHEMA = 'community_management' AND TABLE_NAME = 'users'


10:12:14 :
SHOW FULL TABLES WHERE Table_type = 'BASE TABLE'


10:12:14 :
SELECT COLUMN_NAME AS Field, COLUMN_TYPE AS Type, IS_NULLABLE AS `Null`, COLUMN_KEY AS `Key`, COLUMN_DEFAULT AS `Default`, EXTRA AS Extra, COLUMN_COMMENT AS Comment, CHARACTER_SET_NAME AS CharacterSet, COLLATION_NAME AS Collation FROM information_schema.COLUMNS WHERE TABLE_SCHEMA = 'community_management' AND TABLE_NAME = 'attendees'


10:12:14 :
SELECT DISTINCT k.`CONSTRAINT_NAME`, k.`COLUMN_NAME`, k.`REFERENCED_TABLE_NAME`, k.`REFERENCED_COLUMN_NAME` /*!50116 , c.update_rule, c.delete_rule */ FROM information_schema.key_column_usage k /*!50116 INNER JOIN information_schema.referential_constraints c ON   c.constraint_name = k.constraint_name AND   c.table_name = 'attendees' */ WHERE k.table_name = 'attendees' AND k.table_schema = 'community_management' /*!50116 AND c.constraint_schema = 'community_management' */ AND k.`REFERENCED_COLUMN_NAME` is not NULL


10:12:14 :
SELECT TABLE_NAME AS `Table`, NON_UNIQUE AS Non_Unique, INDEX_NAME AS Key_name, SEQ_IN_INDEX AS Seq_in_index, COLUMN_NAME AS Column_Name, COLLATION AS Collation, CARDINALITY AS Cardinality, SUB_PART AS Sub_Part, PACKED AS Packed, NULLABLE AS `Null`, INDEX_TYPE AS Index_Type, COMMENT AS Comment FROM information_schema.STATISTICS WHERE TABLE_NAME = 'attendees' AND TABLE_SCHEMA = 'community_management'


10:12:14 :
SELECT COLUMN_NAME AS Field, COLUMN_TYPE AS Type, IS_NULLABLE AS `Null`, COLUMN_KEY AS `Key`, COLUMN_DEFAULT AS `Default`, EXTRA AS Extra, COLUMN_COMMENT AS Comment, CHARACTER_SET_NAME AS CharacterSet, COLLATION_NAME AS Collation FROM information_schema.COLUMNS WHERE TABLE_SCHEMA = 'community_management' AND TABLE_NAME = 'attendees__meetings'


10:12:14 :
SELECT DISTINCT k.`CONSTRAINT_NAME`, k.`COLUMN_NAME`, k.`REFERENCED_TABLE_NAME`, k.`REFERENCED_COLUMN_NAME` /*!50116 , c.update_rule, c.delete_rule */ FROM information_schema.key_column_usage k /*!50116 INNER JOIN information_schema.referential_constraints c ON   c.constraint_name = k.constraint_name AND   c.table_name = 'attendees__meetings' */ WHERE k.table_name = 'attendees__meetings' AND k.table_schema = 'community_management' /*!50116 AND c.constraint_schema = 'community_management' */ AND k.`REFERENCED_COLUMN_NAME` is not NULL


10:12:14 :
SELECT TABLE_NAME AS `Table`, NON_UNIQUE AS Non_Unique, INDEX_NAME AS Key_name, SEQ_IN_INDEX AS Seq_in_index, COLUMN_NAME AS Column_Name, COLLATION AS Collation, CARDINALITY AS Cardinality, SUB_PART AS Sub_Part, PACKED AS Packed, NULLABLE AS `Null`, INDEX_TYPE AS Index_Type, COMMENT AS Comment FROM information_schema.STATISTICS WHERE TABLE_NAME = 'attendees__meetings' AND TABLE_SCHEMA = 'community_management'


10:12:14 :
SELECT COLUMN_NAME AS Field, COLUMN_TYPE AS Type, IS_NULLABLE AS `Null`, COLUMN_KEY AS `Key`, COLUMN_DEFAULT AS `Default`, EXTRA AS Extra, COLUMN_COMMENT AS Comment, CHARACTER_SET_NAME AS CharacterSet, COLLATION_NAME AS Collation FROM information_schema.COLUMNS WHERE TABLE_SCHEMA = 'community_management' AND TABLE_NAME = 'meetings'


10:12:14 :
SELECT DISTINCT k.`CONSTRAINT_NAME`, k.`COLUMN_NAME`, k.`REFERENCED_TABLE_NAME`, k.`REFERENCED_COLUMN_NAME` /*!50116 , c.update_rule, c.delete_rule */ FROM information_schema.key_column_usage k /*!50116 INNER JOIN information_schema.referential_constraints c ON   c.constraint_name = k.constraint_name AND   c.table_name = 'meetings' */ WHERE k.table_name = 'meetings' AND k.table_schema = 'community_management' /*!50116 AND c.constraint_schema = 'community_management' */ AND k.`REFERENCED_COLUMN_NAME` is not NULL


10:12:14 :
SELECT TABLE_NAME AS `Table`, NON_UNIQUE AS Non_Unique, INDEX_NAME AS Key_name, SEQ_IN_INDEX AS Seq_in_index, COLUMN_NAME AS Column_Name, COLLATION AS Collation, CARDINALITY AS Cardinality, SUB_PART AS Sub_Part, PACKED AS Packed, NULLABLE AS `Null`, INDEX_TYPE AS Index_Type, COMMENT AS Comment FROM information_schema.STATISTICS WHERE TABLE_NAME = 'meetings' AND TABLE_SCHEMA = 'community_management'


10:12:14 :
SELECT COLUMN_NAME AS Field, COLUMN_TYPE AS Type, IS_NULLABLE AS `Null`, COLUMN_KEY AS `Key`, COLUMN_DEFAULT AS `Default`, EXTRA AS Extra, COLUMN_COMMENT AS Comment, CHARACTER_SET_NAME AS CharacterSet, COLLATION_NAME AS Collation FROM information_schema.COLUMNS WHERE TABLE_SCHEMA = 'community_management' AND TABLE_NAME = 'organizers'


10:12:14 :
SELECT DISTINCT k.`CONSTRAINT_NAME`, k.`COLUMN_NAME`, k.`REFERENCED_TABLE_NAME`, k.`REFERENCED_COLUMN_NAME` /*!50116 , c.update_rule, c.delete_rule */ FROM information_schema.key_column_usage k /*!50116 INNER JOIN information_schema.referential_constraints c ON   c.constraint_name = k.constraint_name AND   c.table_name = 'organizers' */ WHERE k.table_name = 'organizers' AND k.table_schema = 'community_management' /*!50116 AND c.constraint_schema = 'community_management' */ AND k.`REFERENCED_COLUMN_NAME` is not NULL


10:12:14 :
SELECT TABLE_NAME AS `Table`, NON_UNIQUE AS Non_Unique, INDEX_NAME AS Key_name, SEQ_IN_INDEX AS Seq_in_index, COLUMN_NAME AS Column_Name, COLLATION AS Collation, CARDINALITY AS Cardinality, SUB_PART AS Sub_Part, PACKED AS Packed, NULLABLE AS `Null`, INDEX_TYPE AS Index_Type, COMMENT AS Comment FROM information_schema.STATISTICS WHERE TABLE_NAME = 'organizers' AND TABLE_SCHEMA = 'community_management'


10:12:14 :
SELECT COLUMN_NAME AS Field, COLUMN_TYPE AS Type, IS_NULLABLE AS `Null`, COLUMN_KEY AS `Key`, COLUMN_DEFAULT AS `Default`, EXTRA AS Extra, COLUMN_COMMENT AS Comment, CHARACTER_SET_NAME AS CharacterSet, COLLATION_NAME AS Collation FROM information_schema.COLUMNS WHERE TABLE_SCHEMA = 'community_management' AND TABLE_NAME = 'organizers__meetings'


10:12:14 :
SELECT DISTINCT k.`CONSTRAINT_NAME`, k.`COLUMN_NAME`, k.`REFERENCED_TABLE_NAME`, k.`REFERENCED_COLUMN_NAME` /*!50116 , c.update_rule, c.delete_rule */ FROM information_schema.key_column_usage k /*!50116 INNER JOIN information_schema.referential_constraints c ON   c.constraint_name = k.constraint_name AND   c.table_name = 'organizers__meetings' */ WHERE k.table_name = 'organizers__meetings' AND k.table_schema = 'community_management' /*!50116 AND c.constraint_schema = 'community_management' */ AND k.`REFERENCED_COLUMN_NAME` is not NULL


10:12:14 :
SELECT TABLE_NAME AS `Table`, NON_UNIQUE AS Non_Unique, INDEX_NAME AS Key_name, SEQ_IN_INDEX AS Seq_in_index, COLUMN_NAME AS Column_Name, COLLATION AS Collation, CARDINALITY AS Cardinality, SUB_PART AS Sub_Part, PACKED AS Packed, NULLABLE AS `Null`, INDEX_TYPE AS Index_Type, COMMENT AS Comment FROM information_schema.STATISTICS WHERE TABLE_NAME = 'organizers__meetings' AND TABLE_SCHEMA = 'community_management'


10:12:14 :
SELECT COLUMN_NAME AS Field, COLUMN_TYPE AS Type, IS_NULLABLE AS `Null`, COLUMN_KEY AS `Key`, COLUMN_DEFAULT AS `Default`, EXTRA AS Extra, COLUMN_COMMENT AS Comment, CHARACTER_SET_NAME AS CharacterSet, COLLATION_NAME AS Collation FROM information_schema.COLUMNS WHERE TABLE_SCHEMA = 'community_management' AND TABLE_NAME = 'users'


10:12:14 :
SELECT DISTINCT k.`CONSTRAINT_NAME`, k.`COLUMN_NAME`, k.`REFERENCED_TABLE_NAME`, k.`REFERENCED_COLUMN_NAME` /*!50116 , c.update_rule, c.delete_rule */ FROM information_schema.key_column_usage k /*!50116 INNER JOIN information_schema.referential_constraints c ON   c.constraint_name = k.constraint_name AND   c.table_name = 'users' */ WHERE k.table_name = 'users' AND k.table_schema = 'community_management' /*!50116 AND c.constraint_schema = 'community_management' */ AND k.`REFERENCED_COLUMN_NAME` is not NULL


10:12:14 :
SELECT TABLE_NAME AS `Table`, NON_UNIQUE AS Non_Unique, INDEX_NAME AS Key_name, SEQ_IN_INDEX AS Seq_in_index, COLUMN_NAME AS Column_Name, COLLATION AS Collation, CARDINALITY AS Cardinality, SUB_PART AS Sub_Part, PACKED AS Packed, NULLABLE AS `Null`, INDEX_TYPE AS Index_Type, COMMENT AS Comment FROM information_schema.STATISTICS WHERE TABLE_NAME = 'users' AND TABLE_SCHEMA = 'community_management'


10:12:41 :
SHOW FULL TABLES WHERE Table_type = 'BASE TABLE'


10:12:41 :
SELECT COLUMN_NAME AS Field, COLUMN_TYPE AS Type, IS_NULLABLE AS `Null`, COLUMN_KEY AS `Key`, COLUMN_DEFAULT AS `Default`, EXTRA AS Extra, COLUMN_COMMENT AS Comment, CHARACTER_SET_NAME AS CharacterSet, COLLATION_NAME AS Collation FROM information_schema.COLUMNS WHERE TABLE_SCHEMA = 'community_management' AND TABLE_NAME = 'attendees'


10:12:41 :
SELECT DISTINCT k.`CONSTRAINT_NAME`, k.`COLUMN_NAME`, k.`REFERENCED_TABLE_NAME`, k.`REFERENCED_COLUMN_NAME` /*!50116 , c.update_rule, c.delete_rule */ FROM information_schema.key_column_usage k /*!50116 INNER JOIN information_schema.referential_constraints c ON   c.constraint_name = k.constraint_name AND   c.table_name = 'attendees' */ WHERE k.table_name = 'attendees' AND k.table_schema = 'community_management' /*!50116 AND c.constraint_schema = 'community_management' */ AND k.`REFERENCED_COLUMN_NAME` is not NULL


10:12:41 :
SELECT TABLE_NAME AS `Table`, NON_UNIQUE AS Non_Unique, INDEX_NAME AS Key_name, SEQ_IN_INDEX AS Seq_in_index, COLUMN_NAME AS Column_Name, COLLATION AS Collation, CARDINALITY AS Cardinality, SUB_PART AS Sub_Part, PACKED AS Packed, NULLABLE AS `Null`, INDEX_TYPE AS Index_Type, COMMENT AS Comment FROM information_schema.STATISTICS WHERE TABLE_NAME = 'attendees' AND TABLE_SCHEMA = 'community_management'


10:12:41 :
SELECT COLUMN_NAME AS Field, COLUMN_TYPE AS Type, IS_NULLABLE AS `Null`, COLUMN_KEY AS `Key`, COLUMN_DEFAULT AS `Default`, EXTRA AS Extra, COLUMN_COMMENT AS Comment, CHARACTER_SET_NAME AS CharacterSet, COLLATION_NAME AS Collation FROM information_schema.COLUMNS WHERE TABLE_SCHEMA = 'community_management' AND TABLE_NAME = 'attendees__meetings'


10:12:41 :
SELECT DISTINCT k.`CONSTRAINT_NAME`, k.`COLUMN_NAME`, k.`REFERENCED_TABLE_NAME`, k.`REFERENCED_COLUMN_NAME` /*!50116 , c.update_rule, c.delete_rule */ FROM information_schema.key_column_usage k /*!50116 INNER JOIN information_schema.referential_constraints c ON   c.constraint_name = k.constraint_name AND   c.table_name = 'attendees__meetings' */ WHERE k.table_name = 'attendees__meetings' AND k.table_schema = 'community_management' /*!50116 AND c.constraint_schema = 'community_management' */ AND k.`REFERENCED_COLUMN_NAME` is not NULL


10:12:41 :
SELECT TABLE_NAME AS `Table`, NON_UNIQUE AS Non_Unique, INDEX_NAME AS Key_name, SEQ_IN_INDEX AS Seq_in_index, COLUMN_NAME AS Column_Name, COLLATION AS Collation, CARDINALITY AS Cardinality, SUB_PART AS Sub_Part, PACKED AS Packed, NULLABLE AS `Null`, INDEX_TYPE AS Index_Type, COMMENT AS Comment FROM information_schema.STATISTICS WHERE TABLE_NAME = 'attendees__meetings' AND TABLE_SCHEMA = 'community_management'


10:12:41 :
SELECT COLUMN_NAME AS Field, COLUMN_TYPE AS Type, IS_NULLABLE AS `Null`, COLUMN_KEY AS `Key`, COLUMN_DEFAULT AS `Default`, EXTRA AS Extra, COLUMN_COMMENT AS Comment, CHARACTER_SET_NAME AS CharacterSet, COLLATION_NAME AS Collation FROM information_schema.COLUMNS WHERE TABLE_SCHEMA = 'community_management' AND TABLE_NAME = 'meetings'


10:12:41 :
SELECT DISTINCT k.`CONSTRAINT_NAME`, k.`COLUMN_NAME`, k.`REFERENCED_TABLE_NAME`, k.`REFERENCED_COLUMN_NAME` /*!50116 , c.update_rule, c.delete_rule */ FROM information_schema.key_column_usage k /*!50116 INNER JOIN information_schema.referential_constraints c ON   c.constraint_name = k.constraint_name AND   c.table_name = 'meetings' */ WHERE k.table_name = 'meetings' AND k.table_schema = 'community_management' /*!50116 AND c.constraint_schema = 'community_management' */ AND k.`REFERENCED_COLUMN_NAME` is not NULL


10:12:41 :
SELECT TABLE_NAME AS `Table`, NON_UNIQUE AS Non_Unique, INDEX_NAME AS Key_name, SEQ_IN_INDEX AS Seq_in_index, COLUMN_NAME AS Column_Name, COLLATION AS Collation, CARDINALITY AS Cardinality, SUB_PART AS Sub_Part, PACKED AS Packed, NULLABLE AS `Null`, INDEX_TYPE AS Index_Type, COMMENT AS Comment FROM information_schema.STATISTICS WHERE TABLE_NAME = 'meetings' AND TABLE_SCHEMA = 'community_management'


10:12:41 :
SELECT COLUMN_NAME AS Field, COLUMN_TYPE AS Type, IS_NULLABLE AS `Null`, COLUMN_KEY AS `Key`, COLUMN_DEFAULT AS `Default`, EXTRA AS Extra, COLUMN_COMMENT AS Comment, CHARACTER_SET_NAME AS CharacterSet, COLLATION_NAME AS Collation FROM information_schema.COLUMNS WHERE TABLE_SCHEMA = 'community_management' AND TABLE_NAME = 'organizers'


10:12:41 :
SELECT DISTINCT k.`CONSTRAINT_NAME`, k.`COLUMN_NAME`, k.`REFERENCED_TABLE_NAME`, k.`REFERENCED_COLUMN_NAME` /*!50116 , c.update_rule, c.delete_rule */ FROM information_schema.key_column_usage k /*!50116 INNER JOIN information_schema.referential_constraints c ON   c.constraint_name = k.constraint_name AND   c.table_name = 'organizers' */ WHERE k.table_name = 'organizers' AND k.table_schema = 'community_management' /*!50116 AND c.constraint_schema = 'community_management' */ AND k.`REFERENCED_COLUMN_NAME` is not NULL


10:12:41 :
SELECT TABLE_NAME AS `Table`, NON_UNIQUE AS Non_Unique, INDEX_NAME AS Key_name, SEQ_IN_INDEX AS Seq_in_index, COLUMN_NAME AS Column_Name, COLLATION AS Collation, CARDINALITY AS Cardinality, SUB_PART AS Sub_Part, PACKED AS Packed, NULLABLE AS `Null`, INDEX_TYPE AS Index_Type, COMMENT AS Comment FROM information_schema.STATISTICS WHERE TABLE_NAME = 'organizers' AND TABLE_SCHEMA = 'community_management'


10:12:41 :
SELECT COLUMN_NAME AS Field, COLUMN_TYPE AS Type, IS_NULLABLE AS `Null`, COLUMN_KEY AS `Key`, COLUMN_DEFAULT AS `Default`, EXTRA AS Extra, COLUMN_COMMENT AS Comment, CHARACTER_SET_NAME AS CharacterSet, COLLATION_NAME AS Collation FROM information_schema.COLUMNS WHERE TABLE_SCHEMA = 'community_management' AND TABLE_NAME = 'organizers__meetings'


10:12:41 :
SELECT DISTINCT k.`CONSTRAINT_NAME`, k.`COLUMN_NAME`, k.`REFERENCED_TABLE_NAME`, k.`REFERENCED_COLUMN_NAME` /*!50116 , c.update_rule, c.delete_rule */ FROM information_schema.key_column_usage k /*!50116 INNER JOIN information_schema.referential_constraints c ON   c.constraint_name = k.constraint_name AND   c.table_name = 'organizers__meetings' */ WHERE k.table_name = 'organizers__meetings' AND k.table_schema = 'community_management' /*!50116 AND c.constraint_schema = 'community_management' */ AND k.`REFERENCED_COLUMN_NAME` is not NULL


10:12:41 :
SELECT TABLE_NAME AS `Table`, NON_UNIQUE AS Non_Unique, INDEX_NAME AS Key_name, SEQ_IN_INDEX AS Seq_in_index, COLUMN_NAME AS Column_Name, COLLATION AS Collation, CARDINALITY AS Cardinality, SUB_PART AS Sub_Part, PACKED AS Packed, NULLABLE AS `Null`, INDEX_TYPE AS Index_Type, COMMENT AS Comment FROM information_schema.STATISTICS WHERE TABLE_NAME = 'organizers__meetings' AND TABLE_SCHEMA = 'community_management'


10:12:41 :
SELECT COLUMN_NAME AS Field, COLUMN_TYPE AS Type, IS_NULLABLE AS `Null`, COLUMN_KEY AS `Key`, COLUMN_DEFAULT AS `Default`, EXTRA AS Extra, COLUMN_COMMENT AS Comment, CHARACTER_SET_NAME AS CharacterSet, COLLATION_NAME AS Collation FROM information_schema.COLUMNS WHERE TABLE_SCHEMA = 'community_management' AND TABLE_NAME = 'users'


10:12:41 :
SELECT DISTINCT k.`CONSTRAINT_NAME`, k.`COLUMN_NAME`, k.`REFERENCED_TABLE_NAME`, k.`REFERENCED_COLUMN_NAME` /*!50116 , c.update_rule, c.delete_rule */ FROM information_schema.key_column_usage k /*!50116 INNER JOIN information_schema.referential_constraints c ON   c.constraint_name = k.constraint_name AND   c.table_name = 'users' */ WHERE k.table_name = 'users' AND k.table_schema = 'community_management' /*!50116 AND c.constraint_schema = 'community_management' */ AND k.`REFERENCED_COLUMN_NAME` is not NULL


10:12:41 :
SELECT TABLE_NAME AS `Table`, NON_UNIQUE AS Non_Unique, INDEX_NAME AS Key_name, SEQ_IN_INDEX AS Seq_in_index, COLUMN_NAME AS Column_Name, COLLATION AS Collation, CARDINALITY AS Cardinality, SUB_PART AS Sub_Part, PACKED AS Packed, NULLABLE AS `Null`, INDEX_TYPE AS Index_Type, COMMENT AS Comment FROM information_schema.STATISTICS WHERE TABLE_NAME = 'users' AND TABLE_SCHEMA = 'community_management'


